{"name":"External Shit outside Emirate, with number change","status":"failed","statusDetails":{"known":false,"muted":false,"flaky":false,"message":"Timed out after 110 seconds waiting for visibility of element located by By.xpath: (//XCUIElementTypeStaticText[@name=\"Lato-Regular\"])[17]\nBuild info: version: '2.53.0', revision: '35ae25b1534ae328c771e0856c93e187490ca824', time: '2016-03-15 10:43:46'\nSystem info: host: 'KHIMAC-1685.local', ip: '127.0.0.1', os.name: 'Mac OS X', os.arch: 'x86_64', os.version: '10.15.4', java.version: '1.8.0_191'\nDriver info: io.appium.java_client.ios.IOSDriver\nCapabilities [{app=/Users/administrator/Desktop/EtisalatUAEUAT.ipa, networkConnectionEnabled=false, noReset=true, clearSystemFiles=true, xcodeOrgId=8D837Z7564, databaseEnabled=false, updatedWDABundleId=com.etisalat.etisalatmobileapp.WebDriverAgentRunner, deviceName=Smilesi7, xcodeSigningId=iPhone Developer, ignoreUnimportantViews=true, platform=MAC, wdaLocalPort=8080, autoLaunch=true, platformVersion=14.4, webStorageEnabled=false, locationContextEnabled=false, automationName=XCUITest, useNewWDA=false, browserName=, takesScreenshot=true, javascriptEnabled=true, platformName=iOS, udid=f118d9c9a2816209f5234cee2846edcd723064bc}]\nSession ID: 7f4bde71-7d6f-46e6-8d4b-6ffb1cb1e029","trace":"org.openqa.selenium.TimeoutException: Timed out after 110 seconds waiting for visibility of element located by By.xpath: (//XCUIElementTypeStaticText[@name=\"Lato-Regular\"])[17]\nBuild info: version: '2.53.0', revision: '35ae25b1534ae328c771e0856c93e187490ca824', time: '2016-03-15 10:43:46'\nSystem info: host: 'KHIMAC-1685.local', ip: '127.0.0.1', os.name: 'Mac OS X', os.arch: 'x86_64', os.version: '10.15.4', java.version: '1.8.0_191'\nDriver info: io.appium.java_client.ios.IOSDriver\nCapabilities [{app=/Users/administrator/Desktop/EtisalatUAEUAT.ipa, networkConnectionEnabled=false, noReset=true, clearSystemFiles=true, xcodeOrgId=8D837Z7564, databaseEnabled=false, updatedWDABundleId=com.etisalat.etisalatmobileapp.WebDriverAgentRunner, deviceName=Smilesi7, xcodeSigningId=iPhone Developer, ignoreUnimportantViews=true, platform=MAC, wdaLocalPort=8080, autoLaunch=true, platformVersion=14.4, webStorageEnabled=false, locationContextEnabled=false, automationName=XCUITest, useNewWDA=false, browserName=, takesScreenshot=true, javascriptEnabled=true, platformName=iOS, udid=f118d9c9a2816209f5234cee2846edcd723064bc}]\nSession ID: 7f4bde71-7d6f-46e6-8d4b-6ffb1cb1e029\n\tat org.openqa.selenium.support.ui.WebDriverWait.timeoutException(WebDriverWait.java:80)\n\tat org.openqa.selenium.support.ui.FluentWait.until(FluentWait.java:261)\n\tat Test.Automation.Utils.UtilityMethods.getElementByXpath(UtilityMethods.java:136)\n\tat Test.Automation.Pages.CommonPage.assertonPage(CommonPage.java:177)\n\tat Test.Automation.Stepdefinitions.CommonStepDefs.assert_that_appear_on(CommonStepDefs.java:89)\n\tat âœ½.Then Assert that \"Yourcontactdetails\" appear on \"HomeMovePage\"(src/test/resources/Etisalat_DigitalApp/IOS/177605-Home_Move.feature:110)\nCaused by: org.openqa.selenium.NoSuchElementException: An element could not be located on the page using the given search parameters. (WARNING: The server did not provide any stacktrace information)\nCommand duration or timeout: 580 milliseconds\nFor documentation on this error, please visit: http://seleniumhq.org/exceptions/no_such_element.html\nBuild info: version: '2.53.0', revision: '35ae25b1534ae328c771e0856c93e187490ca824', time: '2016-03-15 10:43:46'\nSystem info: host: 'KHIMAC-1685.local', ip: '127.0.0.1', os.name: 'Mac OS X', os.arch: 'x86_64', os.version: '10.15.4', java.version: '1.8.0_191'\nDriver info: io.appium.java_client.ios.IOSDriver\nCapabilities [{app=/Users/administrator/Desktop/EtisalatUAEUAT.ipa, networkConnectionEnabled=false, noReset=true, clearSystemFiles=true, xcodeOrgId=8D837Z7564, databaseEnabled=false, updatedWDABundleId=com.etisalat.etisalatmobileapp.WebDriverAgentRunner, deviceName=Smilesi7, xcodeSigningId=iPhone Developer, ignoreUnimportantViews=true, platform=MAC, wdaLocalPort=8080, autoLaunch=true, platformVersion=14.4, webStorageEnabled=false, locationContextEnabled=false, automationName=XCUITest, useNewWDA=false, browserName=, takesScreenshot=true, javascriptEnabled=true, platformName=iOS, udid=f118d9c9a2816209f5234cee2846edcd723064bc}]\nSession ID: 7f4bde71-7d6f-46e6-8d4b-6ffb1cb1e029\n*** Element info: {Using=xpath, value=(//XCUIElementTypeStaticText[@name=\"Lato-Regular\"])[17]}\n\tat sun.reflect.GeneratedConstructorAccessor59.newInstance(Unknown Source)\n\tat sun.reflect.DelegatingConstructorAccessorImpl.newInstance(DelegatingConstructorAccessorImpl.java:45)\n\tat java.lang.reflect.Constructor.newInstance(Constructor.java:423)\n\tat org.openqa.selenium.remote.ErrorHandler.createThrowable(ErrorHandler.java:206)\n\tat org.openqa.selenium.remote.ErrorHandler.throwIfResponseFailed(ErrorHandler.java:158)\n\tat org.openqa.selenium.remote.RemoteWebDriver.execute(RemoteWebDriver.java:678)\n\tat io.appium.java_client.DefaultGenericMobileDriver.execute(DefaultGenericMobileDriver.java:43)\n\tat io.appium.java_client.AppiumDriver.execute(AppiumDriver.java:1)\n\tat io.appium.java_client.ios.IOSDriver.execute(IOSDriver.java:1)\n\tat org.openqa.selenium.remote.RemoteWebDriver.findElement(RemoteWebDriver.java:363)\n\tat org.openqa.selenium.remote.RemoteWebDriver.findElementByXPath(RemoteWebDriver.java:500)\n\tat io.appium.java_client.DefaultGenericMobileDriver.findElementByXPath(DefaultGenericMobileDriver.java:129)\n\tat io.appium.java_client.AppiumDriver.findElementByXPath(AppiumDriver.java:1)\n\tat io.appium.java_client.ios.IOSDriver.findElementByXPath(IOSDriver.java:1)\n\tat org.openqa.selenium.By$ByXPath.findElement(By.java:361)\n\tat org.openqa.selenium.remote.RemoteWebDriver.findElement(RemoteWebDriver.java:355)\n\tat io.appium.java_client.DefaultGenericMobileDriver.findElement(DefaultGenericMobileDriver.java:51)\n\tat io.appium.java_client.AppiumDriver.findElement(AppiumDriver.java:1)\n\tat io.appium.java_client.ios.IOSDriver.findElement(IOSDriver.java:1)\n\tat org.openqa.selenium.support.ui.ExpectedConditions.findElement(ExpectedConditions.java:899)\n\tat org.openqa.selenium.support.ui.ExpectedConditions.access$000(ExpectedConditions.java:41)\n\tat org.openqa.selenium.support.ui.ExpectedConditions$7.apply(ExpectedConditions.java:205)\n\tat org.openqa.selenium.support.ui.ExpectedConditions$7.apply(ExpectedConditions.java:201)\n\tat org.openqa.selenium.support.ui.FluentWait.until(FluentWait.java:238)\n\tat Test.Automation.Utils.UtilityMethods.getElementByXpath(UtilityMethods.java:136)\n\tat Test.Automation.Pages.CommonPage.assertonPage(CommonPage.java:177)\n\tat Test.Automation.Stepdefinitions.CommonStepDefs.assert_that_appear_on(CommonStepDefs.java:89)\n\tat sun.reflect.NativeMethodAccessorImpl.invoke0(Native Method)\n\tat sun.reflect.NativeMethodAccessorImpl.invoke(NativeMethodAccessorImpl.java:62)\n\tat sun.reflect.DelegatingMethodAccessorImpl.invoke(DelegatingMethodAccessorImpl.java:43)\n\tat java.lang.reflect.Method.invoke(Method.java:498)\n\tat cucumber.runtime.Utils$1.call(Utils.java:40)\n\tat cucumber.runtime.Timeout.timeout(Timeout.java:16)\n\tat cucumber.runtime.Utils.invoke(Utils.java:34)\n\tat cucumber.runtime.java.JavaStepDefinition.execute(JavaStepDefinition.java:38)\n\tat cucumber.runtime.StepDefinitionMatch.runStep(StepDefinitionMatch.java:37)\n\tat cucumber.runtime.Runtime.runStep(Runtime.java:300)\n\tat cucumber.runtime.model.StepContainer.runStep(StepContainer.java:44)\n\tat cucumber.runtime.model.StepContainer.runSteps(StepContainer.java:39)\n\tat cucumber.runtime.model.CucumberScenario.run(CucumberScenario.java:44)\n\tat cucumber.runtime.junit.ExecutionUnitRunner.run(ExecutionUnitRunner.java:91)\n\tat cucumber.runtime.junit.FeatureRunner.runChild(FeatureRunner.java:63)\n\tat cucumber.runtime.junit.FeatureRunner.runChild(FeatureRunner.java:18)\n\tat org.junit.runners.ParentRunner$3.run(ParentRunner.java:290)\n\tat org.junit.runners.ParentRunner$1.schedule(ParentRunner.java:71)\n\tat org.junit.runners.ParentRunner.runChildren(ParentRunner.java:288)\n\tat org.junit.runners.ParentRunner.access$000(ParentRunner.java:58)\n\tat org.junit.runners.ParentRunner$2.evaluate(ParentRunner.java:268)\n\tat org.junit.runners.ParentRunner.run(ParentRunner.java:363)\n\tat cucumber.runtime.junit.FeatureRunner.run(FeatureRunner.java:70)\n\tat cucumber.api.junit.Cucumber.runChild(Cucumber.java:93)\n\tat cucumber.api.junit.Cucumber.runChild(Cucumber.java:37)\n\tat org.junit.runners.ParentRunner$3.run(ParentRunner.java:290)\n\tat org.junit.runners.ParentRunner$1.schedule(ParentRunner.java:71)\n\tat org.junit.runners.ParentRunner.runChildren(ParentRunner.java:288)\n\tat org.junit.runners.ParentRunner.access$000(ParentRunner.java:58)\n\tat org.junit.runners.ParentRunner$2.evaluate(ParentRunner.java:268)\n\tat org.junit.runners.ParentRunner.run(ParentRunner.java:363)\n\tat cucumber.api.junit.Cucumber.run(Cucumber.java:98)\n\tat TestSuite.ExtendedCucumberRunner.run(ExtendedCucumberRunner.java:50)\n\tat org.junit.runner.JUnitCore.run(JUnitCore.java:137)\n\tat com.intellij.junit4.JUnit4IdeaTestRunner.startRunnerWithArgs(JUnit4IdeaTestRunner.java:69)\n\tat com.intellij.rt.junit.IdeaTestRunner$Repeater.startRunnerWithArgs(IdeaTestRunner.java:33)\n\tat com.intellij.rt.junit.JUnitStarter.prepareStreamsAndStart(JUnitStarter.java:220)\n\tat com.intellij.rt.junit.JUnitStarter.main(JUnitStarter.java:53)\n"},"stage":"finished","steps":[{"name":"Hooks.beforeScenario(Scenario)","status":"passed","stage":"finished","steps":[],"attachments":[],"parameters":[],"start":1617698887984,"stop":1617698887986},{"name":"Given  User has opened an application","status":"passed","stage":"finished","steps":[],"attachments":[],"parameters":[],"start":1617698888158,"stop":1617698899580},{"name":"And  user click on \"userPlan\" button on \"Homepage\"","status":"passed","stage":"finished","steps":[],"attachments":[],"parameters":[],"start":1617698899766,"stop":1617698922406},{"name":"And  user click on \"manageTab\" button on \"detailsPage\"","status":"passed","stage":"finished","steps":[],"attachments":[],"parameters":[],"start":1617698922411,"stop":1617698931592},{"name":"And  user click on \"Plan\" button on \"detailsPage\"","status":"passed","stage":"finished","steps":[],"attachments":[],"parameters":[],"start":1617698931593,"stop":1617698939820},{"name":"And  user click on \"HomeMove\" button on \"detailsPage\"","status":"passed","stage":"finished","steps":[],"attachments":[],"parameters":[],"start":1617698939821,"stop":1617698948933},{"name":"And  user click on \"GetStarted\" button on \"HomeMovePage\"","status":"passed","stage":"finished","steps":[],"attachments":[],"parameters":[],"start":1617698948937,"stop":1617698956297},{"name":"And  User click on setMap button","status":"passed","stage":"finished","steps":[],"attachments":[],"parameters":[],"start":1617698956300,"stop":1617698956893},{"name":"And  user click on \"searchOnMapField\" button on \"HomeMovePage\"","status":"passed","stage":"finished","steps":[],"attachments":[],"parameters":[],"start":1617698956899,"stop":1617698965221},{"name":"And  user enter text \"addressOutside\" in \"searchOnMapField\" on \"HomeMovePage\"","status":"passed","stage":"finished","steps":[],"attachments":[],"parameters":[],"start":1617698965226,"stop":1617698974604},{"name":"And  user click on \"searchedAddress\" button on \"HomeMovePage\"","status":"passed","stage":"finished","steps":[],"attachments":[],"parameters":[],"start":1617698974605,"stop":1617698983133},{"name":"And  user click on \"confirmLocation\" button on \"HomeMovePage\"","status":"passed","stage":"finished","steps":[],"attachments":[],"parameters":[],"start":1617698983136,"stop":1617698991610},{"name":"And  user click on \"ExactAddressNumber\" button on \"HomeMovePage\"","status":"passed","stage":"finished","steps":[],"attachments":[],"parameters":[],"start":1617698991614,"stop":1617698998904},{"name":"And  user enter text \"FloorApartmentVilla\" in \"ExactAddressNumber\" on \"HomeMovePage\"","status":"passed","stage":"finished","steps":[],"attachments":[],"parameters":[],"start":1617698998906,"stop":1617699006759},{"name":"And  user click on \"HideKeyboard\" button on \"HomeMovePage\"","status":"passed","stage":"finished","steps":[],"attachments":[],"parameters":[],"start":1617699006762,"stop":1617699015009},{"name":"And  user click on \"continue\" button on \"HomeMovePage\"","status":"passed","stage":"finished","steps":[],"attachments":[],"parameters":[],"start":1617699015010,"stop":1617699022685},{"name":"And  user click on \"ChangeNumber\" button on \"HomePage\"","status":"passed","stage":"finished","steps":[],"attachments":[],"parameters":[],"start":1617699022686,"stop":1617699029665},{"name":"And  user click on \"Selectnumber\" button on \"HomeMovePage\"","status":"passed","stage":"finished","steps":[],"attachments":[],"parameters":[],"start":1617699029670,"stop":1617699037365},{"name":"And  user click on \"continue\" button on \"HomeMovePage\"","status":"passed","stage":"finished","steps":[],"attachments":[],"parameters":[],"start":1617699037367,"stop":1617699045360},{"name":"And  user click on \"continue\" button on \"HomeMovePage\"","status":"passed","stage":"finished","steps":[],"attachments":[],"parameters":[],"start":1617699045361,"stop":1617699053568},{"name":"And  user click on \"movingDate\" button on \"HomeMovePage\"","status":"passed","stage":"finished","steps":[],"attachments":[],"parameters":[],"start":1617699053571,"stop":1617699060705},{"name":"And  user click on \"continue\" button on \"HomeMovePage\"","status":"passed","stage":"finished","steps":[],"attachments":[],"parameters":[],"start":1617699060707,"stop":1617699067953},{"name":"And  user click on \"acceptAndContinue\" button on \"HomeMovePage\"","status":"passed","stage":"finished","steps":[],"attachments":[],"parameters":[],"start":1617699067954,"stop":1617699075270},{"name":"Then  Assert that \"PaymentSummaryTitle\" appear on \"HomeMovePage\"","status":"passed","stage":"finished","steps":[],"attachments":[],"parameters":[],"start":1617699075274,"stop":1617699082581},{"name":"Then  Assert that \"PaymentSummaryMethod\" appear on \"HomeMovePage\"","status":"passed","stage":"finished","steps":[],"attachments":[],"parameters":[],"start":1617699082583,"stop":1617699090021},{"name":"Then  Assert that \"PaymentSummaryDescription\" appear on \"HomeMovePage\"","status":"passed","stage":"finished","steps":[],"attachments":[],"parameters":[],"start":1617699090022,"stop":1617699097291},{"name":"Then  Assert that \"StandardInstallationTitle\" appear on \"HomeMovePage\"","status":"passed","stage":"finished","steps":[],"attachments":[],"parameters":[],"start":1617699097292,"stop":1617699104573},{"name":"Then  Assert that \"OneTimeCharge\" appear on \"HomeMovePage\"","status":"passed","stage":"finished","steps":[],"attachments":[],"parameters":[],"start":1617699104574,"stop":1617699111841},{"name":"Then  Assert that \"OneTimeChargeValue\" appear on \"HomeMovePage\"","status":"passed","stage":"finished","steps":[],"attachments":[],"parameters":[],"start":1617699111842,"stop":1617699119098},{"name":"Then  Assert that \"VATTitle\" appear on \"HomeMovePage\"","status":"passed","stage":"finished","steps":[],"attachments":[],"parameters":[],"start":1617699119098,"stop":1617699126450},{"name":"Then  Assert that \"VATDescription\" appear on \"HomeMovePage\"","status":"passed","stage":"finished","steps":[],"attachments":[],"parameters":[],"start":1617699126452,"stop":1617699133722},{"name":"Then  Assert that \"VATValue\" appear on \"HomeMovePage\"","status":"passed","stage":"finished","steps":[],"attachments":[],"parameters":[],"start":1617699133722,"stop":1617699140935},{"name":"Then  Assert that \"HomeMoveRequestTitle\" appear on \"HomeMovePage\"","status":"passed","stage":"finished","steps":[],"attachments":[],"parameters":[],"start":1617699140936,"stop":1617699148498},{"name":"And  user scroll down","status":"passed","stage":"finished","steps":[],"attachments":[],"parameters":[],"start":1617699148499,"stop":1617699164854},{"name":"Then  Assert that \"TotalAmount\" appear on \"HomeMovePage\"","status":"passed","stage":"finished","steps":[],"attachments":[],"parameters":[],"start":1617699164855,"stop":1617699172356},{"name":"Then  Assert that \"AccountNumber\" appear on \"HomeMovePage\"","status":"passed","stage":"finished","steps":[],"attachments":[],"parameters":[],"start":1617699172357,"stop":1617699179597},{"name":"Then  Assert that \"InstallationAdress\" appear on \"HomeMovePage\"","status":"passed","stage":"finished","steps":[],"attachments":[],"parameters":[],"start":1617699179598,"stop":1617699186798},{"name":"Then  Assert that \"Yourcontactdetails\" appear on \"HomeMovePage\"","status":"failed","stage":"finished","steps":[],"attachments":[],"parameters":[],"start":1617699186799,"stop":1617699297940},{"name":"Then  Assert that \"Packagename\" appear on \"HomeMovePage\"","status":"skipped","stage":"finished","steps":[],"attachments":[],"parameters":[],"start":1617699297943,"stop":1617699297947},{"name":"Hooks.afterScenario(Scenario)","status":"passed","stage":"finished","steps":[],"attachments":[],"parameters":[],"start":1617699298251,"stop":1617699298252},{"name":"Hooks.AfterSteps()","status":"passed","stage":"finished","steps":[],"attachments":[],"parameters":[],"start":1617699298252,"stop":1617699298252}],"attachments":[],"parameters":[],"start":1617698887969,"stop":1617699298253,"uuid":"login-into-home-move-application-and-submit-a-home-move-request;external-shit-outside-emirate,-with-number-change","historyId":"146e49e3fc6c825067b53acbea2755d7","labels":[{"name":"feature","value":"Login into Home Move Application and Submit a Home Move Request"},{"name":"story","value":"External Shit outside Emirate, with number change"},{"name":"tag","value":"TC_181"},{"name":"tag","value":"TC0010_UAT_177605_eLife_4.0_External_Shift_with_number_change_Mobile_App"},{"name":"host","value":"KHIMAC-1685.local"},{"name":"package","value":"Login into Home Move Application and Submit a Home Move Request"},{"name":"suite","value":"Login into Home Move Application and Submit a Home Move Request"},{"name":"testClass","value":"External Shit outside Emirate, with number change"},{"name":"thread","value":"43704@KHIMAC-1685.local.main(1)"}],"links":[]}