{"name":"Customer opens \"View Statement\" from the Usage section and tries different filter options","status":"failed","statusDetails":{"known":false,"muted":false,"flaky":false,"message":"Timed out after 120 seconds waiting for visibility of element located by By.xpath: //XCUIElementTypeStaticText[@label=\"View statement\"]/parent::XCUIElementTypeCell\nBuild info: version: '2.53.0', revision: '35ae25b1534ae328c771e0856c93e187490ca824', time: '2016-03-15 10:43:46'\nSystem info: host: 'KHIMAC-1685.local', ip: '127.0.0.1', os.name: 'Mac OS X', os.arch: 'x86_64', os.version: '10.15.4', java.version: '1.8.0_191'\nDriver info: io.appium.java_client.ios.IOSDriver\nCapabilities [{app=/Users/administrator/Desktop/EtisalatUAEUAT.ipa, networkConnectionEnabled=false, noReset=true, clearSystemFiles=true, xcodeOrgId=8D837Z7564, databaseEnabled=false, updatedWDABundleId=com.etisalat.etisalatmobileapp.WebDriverAgentRunner, deviceName=Smilesi7, xcodeSigningId=iPhone Developer, ignoreUnimportantViews=true, platform=MAC, wdaLocalPort=8080, autoLaunch=true, platformVersion=14.4, webStorageEnabled=false, locationContextEnabled=false, automationName=XCUITest, useNewWDA=false, browserName=, takesScreenshot=true, javascriptEnabled=true, platformName=iOS, udid=f118d9c9a2816209f5234cee2846edcd723064bc}]\nSession ID: 56f55e1d-5ae5-4ba2-afbc-445707d0402c","trace":"org.openqa.selenium.TimeoutException: Timed out after 120 seconds waiting for visibility of element located by By.xpath: //XCUIElementTypeStaticText[@label=\"View statement\"]/parent::XCUIElementTypeCell\nBuild info: version: '2.53.0', revision: '35ae25b1534ae328c771e0856c93e187490ca824', time: '2016-03-15 10:43:46'\nSystem info: host: 'KHIMAC-1685.local', ip: '127.0.0.1', os.name: 'Mac OS X', os.arch: 'x86_64', os.version: '10.15.4', java.version: '1.8.0_191'\nDriver info: io.appium.java_client.ios.IOSDriver\nCapabilities [{app=/Users/administrator/Desktop/EtisalatUAEUAT.ipa, networkConnectionEnabled=false, noReset=true, clearSystemFiles=true, xcodeOrgId=8D837Z7564, databaseEnabled=false, updatedWDABundleId=com.etisalat.etisalatmobileapp.WebDriverAgentRunner, deviceName=Smilesi7, xcodeSigningId=iPhone Developer, ignoreUnimportantViews=true, platform=MAC, wdaLocalPort=8080, autoLaunch=true, platformVersion=14.4, webStorageEnabled=false, locationContextEnabled=false, automationName=XCUITest, useNewWDA=false, browserName=, takesScreenshot=true, javascriptEnabled=true, platformName=iOS, udid=f118d9c9a2816209f5234cee2846edcd723064bc}]\nSession ID: 56f55e1d-5ae5-4ba2-afbc-445707d0402c\n\tat org.openqa.selenium.support.ui.WebDriverWait.timeoutException(WebDriverWait.java:80)\n\tat org.openqa.selenium.support.ui.FluentWait.until(FluentWait.java:261)\n\tat Test.Automation.Utils.UtilityMethods.getElementByXpath(UtilityMethods.java:136)\n\tat Test.Automation.Pages.CommonPage.Clickelemet(CommonPage.java:66)\n\tat Test.Automation.Stepdefinitions.CommonStepDefs.user_click_on_button_on(CommonStepDefs.java:44)\n\tat âœ½.And user click on \"ViewStatement\" button on \"PostEnhancement\"(src/test/resources/Etisalat_DigitalApp/IOS/201904-Post_Enhancement_CR1.feature:29)\nCaused by: org.openqa.selenium.NoSuchElementException: An element could not be located on the page using the given search parameters. (WARNING: The server did not provide any stacktrace information)\nCommand duration or timeout: 207 milliseconds\nFor documentation on this error, please visit: http://seleniumhq.org/exceptions/no_such_element.html\nBuild info: version: '2.53.0', revision: '35ae25b1534ae328c771e0856c93e187490ca824', time: '2016-03-15 10:43:46'\nSystem info: host: 'KHIMAC-1685.local', ip: '127.0.0.1', os.name: 'Mac OS X', os.arch: 'x86_64', os.version: '10.15.4', java.version: '1.8.0_191'\nDriver info: io.appium.java_client.ios.IOSDriver\nCapabilities [{app=/Users/administrator/Desktop/EtisalatUAEUAT.ipa, networkConnectionEnabled=false, noReset=true, clearSystemFiles=true, xcodeOrgId=8D837Z7564, databaseEnabled=false, updatedWDABundleId=com.etisalat.etisalatmobileapp.WebDriverAgentRunner, deviceName=Smilesi7, xcodeSigningId=iPhone Developer, ignoreUnimportantViews=true, platform=MAC, wdaLocalPort=8080, autoLaunch=true, platformVersion=14.4, webStorageEnabled=false, locationContextEnabled=false, automationName=XCUITest, useNewWDA=false, browserName=, takesScreenshot=true, javascriptEnabled=true, platformName=iOS, udid=f118d9c9a2816209f5234cee2846edcd723064bc}]\nSession ID: 56f55e1d-5ae5-4ba2-afbc-445707d0402c\n*** Element info: {Using=xpath, value=//XCUIElementTypeStaticText[@label=\"View statement\"]/parent::XCUIElementTypeCell}\n\tat sun.reflect.GeneratedConstructorAccessor30.newInstance(Unknown Source)\n\tat sun.reflect.DelegatingConstructorAccessorImpl.newInstance(DelegatingConstructorAccessorImpl.java:45)\n\tat java.lang.reflect.Constructor.newInstance(Constructor.java:423)\n\tat org.openqa.selenium.remote.ErrorHandler.createThrowable(ErrorHandler.java:206)\n\tat org.openqa.selenium.remote.ErrorHandler.throwIfResponseFailed(ErrorHandler.java:158)\n\tat org.openqa.selenium.remote.RemoteWebDriver.execute(RemoteWebDriver.java:678)\n\tat io.appium.java_client.DefaultGenericMobileDriver.execute(DefaultGenericMobileDriver.java:43)\n\tat io.appium.java_client.AppiumDriver.execute(AppiumDriver.java:1)\n\tat io.appium.java_client.ios.IOSDriver.execute(IOSDriver.java:1)\n\tat org.openqa.selenium.remote.RemoteWebDriver.findElement(RemoteWebDriver.java:363)\n\tat org.openqa.selenium.remote.RemoteWebDriver.findElementByXPath(RemoteWebDriver.java:500)\n\tat io.appium.java_client.DefaultGenericMobileDriver.findElementByXPath(DefaultGenericMobileDriver.java:129)\n\tat io.appium.java_client.AppiumDriver.findElementByXPath(AppiumDriver.java:1)\n\tat io.appium.java_client.ios.IOSDriver.findElementByXPath(IOSDriver.java:1)\n\tat org.openqa.selenium.By$ByXPath.findElement(By.java:361)\n\tat org.openqa.selenium.remote.RemoteWebDriver.findElement(RemoteWebDriver.java:355)\n\tat io.appium.java_client.DefaultGenericMobileDriver.findElement(DefaultGenericMobileDriver.java:51)\n\tat io.appium.java_client.AppiumDriver.findElement(AppiumDriver.java:1)\n\tat io.appium.java_client.ios.IOSDriver.findElement(IOSDriver.java:1)\n\tat org.openqa.selenium.support.ui.ExpectedConditions.findElement(ExpectedConditions.java:899)\n\tat org.openqa.selenium.support.ui.ExpectedConditions.access$000(ExpectedConditions.java:41)\n\tat org.openqa.selenium.support.ui.ExpectedConditions$7.apply(ExpectedConditions.java:205)\n\tat org.openqa.selenium.support.ui.ExpectedConditions$7.apply(ExpectedConditions.java:201)\n\tat org.openqa.selenium.support.ui.FluentWait.until(FluentWait.java:238)\n\tat Test.Automation.Utils.UtilityMethods.getElementByXpath(UtilityMethods.java:136)\n\tat Test.Automation.Pages.CommonPage.Clickelemet(CommonPage.java:66)\n\tat Test.Automation.Stepdefinitions.CommonStepDefs.user_click_on_button_on(CommonStepDefs.java:44)\n\tat sun.reflect.NativeMethodAccessorImpl.invoke0(Native Method)\n\tat sun.reflect.NativeMethodAccessorImpl.invoke(NativeMethodAccessorImpl.java:62)\n\tat sun.reflect.DelegatingMethodAccessorImpl.invoke(DelegatingMethodAccessorImpl.java:43)\n\tat java.lang.reflect.Method.invoke(Method.java:498)\n\tat cucumber.runtime.Utils$1.call(Utils.java:40)\n\tat cucumber.runtime.Timeout.timeout(Timeout.java:16)\n\tat cucumber.runtime.Utils.invoke(Utils.java:34)\n\tat cucumber.runtime.java.JavaStepDefinition.execute(JavaStepDefinition.java:38)\n\tat cucumber.runtime.StepDefinitionMatch.runStep(StepDefinitionMatch.java:37)\n\tat cucumber.runtime.Runtime.runStep(Runtime.java:300)\n\tat cucumber.runtime.model.StepContainer.runStep(StepContainer.java:44)\n\tat cucumber.runtime.model.StepContainer.runSteps(StepContainer.java:39)\n\tat cucumber.runtime.model.CucumberScenario.run(CucumberScenario.java:44)\n\tat cucumber.runtime.junit.ExecutionUnitRunner.run(ExecutionUnitRunner.java:91)\n\tat cucumber.runtime.junit.FeatureRunner.runChild(FeatureRunner.java:63)\n\tat cucumber.runtime.junit.FeatureRunner.runChild(FeatureRunner.java:18)\n\tat org.junit.runners.ParentRunner$3.run(ParentRunner.java:290)\n\tat org.junit.runners.ParentRunner$1.schedule(ParentRunner.java:71)\n\tat org.junit.runners.ParentRunner.runChildren(ParentRunner.java:288)\n\tat org.junit.runners.ParentRunner.access$000(ParentRunner.java:58)\n\tat org.junit.runners.ParentRunner$2.evaluate(ParentRunner.java:268)\n\tat org.junit.runners.ParentRunner.run(ParentRunner.java:363)\n\tat cucumber.runtime.junit.FeatureRunner.run(FeatureRunner.java:70)\n\tat cucumber.api.junit.Cucumber.runChild(Cucumber.java:93)\n\tat cucumber.api.junit.Cucumber.runChild(Cucumber.java:37)\n\tat org.junit.runners.ParentRunner$3.run(ParentRunner.java:290)\n\tat org.junit.runners.ParentRunner$1.schedule(ParentRunner.java:71)\n\tat org.junit.runners.ParentRunner.runChildren(ParentRunner.java:288)\n\tat org.junit.runners.ParentRunner.access$000(ParentRunner.java:58)\n\tat org.junit.runners.ParentRunner$2.evaluate(ParentRunner.java:268)\n\tat org.junit.runners.ParentRunner.run(ParentRunner.java:363)\n\tat cucumber.api.junit.Cucumber.run(Cucumber.java:98)\n\tat TestSuite.ExtendedCucumberRunner.run(ExtendedCucumberRunner.java:50)\n\tat org.junit.runner.JUnitCore.run(JUnitCore.java:137)\n\tat com.intellij.junit4.JUnit4IdeaTestRunner.startRunnerWithArgs(JUnit4IdeaTestRunner.java:69)\n\tat com.intellij.rt.junit.IdeaTestRunner$Repeater.startRunnerWithArgs(IdeaTestRunner.java:33)\n\tat com.intellij.rt.junit.JUnitStarter.prepareStreamsAndStart(JUnitStarter.java:220)\n\tat com.intellij.rt.junit.JUnitStarter.main(JUnitStarter.java:53)\n"},"stage":"finished","steps":[{"name":"Hooks.beforeScenario(Scenario)","status":"passed","stage":"finished","steps":[],"attachments":[],"parameters":[],"start":1617792805303,"stop":1617792805305},{"name":"Given  User has opened an application","status":"passed","stage":"finished","steps":[],"attachments":[],"parameters":[],"start":1617792805475,"stop":1617792925690},{"name":"And  user click on \"userPlan\" button on \"RechargeHistoryPage\"","status":"passed","stage":"finished","steps":[],"attachments":[],"parameters":[],"start":1617792925715,"stop":1617792948071},{"name":"And  user scroll down","status":"passed","stage":"finished","steps":[],"attachments":[],"parameters":[],"start":1617792948073,"stop":1617792963721},{"name":"And  user click on \"ViewStatement\" button on \"PostEnhancement\"","status":"failed","stage":"finished","steps":[],"attachments":[],"parameters":[],"start":1617792963723,"stop":1617793084494},{"name":"And  user click on \"CalendarDropdown\" button on \"PostEnhancement\"","status":"skipped","stage":"finished","steps":[],"attachments":[],"parameters":[],"start":1617793084497,"stop":1617793084507},{"name":"And  user click on \"CurrentMonth\" button on \"PostEnhancement\"","status":"skipped","stage":"finished","steps":[],"attachments":[],"parameters":[],"start":1617793084508,"stop":1617793084510},{"name":"Then  Assert that \"CalendarDropdown\" appear on \"PostEnhancement\"","status":"skipped","stage":"finished","steps":[],"attachments":[],"parameters":[],"start":1617793084512,"stop":1617793084522},{"name":"And  user click on \"CalendarDropdown\" button on \"PostEnhancement\"","status":"skipped","stage":"finished","steps":[],"attachments":[],"parameters":[],"start":1617793084523,"stop":1617793084524},{"name":"And  user click on \"LastMonthFilter\" button on \"PostEnhancement\"","status":"skipped","stage":"finished","steps":[],"attachments":[],"parameters":[],"start":1617793084525,"stop":1617793084527},{"name":"Then  Assert that \"LastMonth\" appear on \"PostEnhancement\"","status":"skipped","stage":"finished","steps":[],"attachments":[],"parameters":[],"start":1617793084528,"stop":1617793084530},{"name":"Hooks.afterScenario(Scenario)","status":"passed","stage":"finished","steps":[],"attachments":[],"parameters":[],"start":1617793084738,"stop":1617793084738},{"name":"Hooks.AfterSteps()","status":"passed","stage":"finished","steps":[],"attachments":[],"parameters":[],"start":1617793084739,"stop":1617793084739}],"attachments":[],"parameters":[],"start":1617792805287,"stop":1617793084740,"uuid":"post-enhancement;customer-opens-\"view-statement\"-from-the-usage-section-and-tries-different-filter-options","historyId":"f49989906253f77da3bb5b905971f0f3","labels":[{"name":"feature","value":"Post Enhancement"},{"name":"story","value":"Customer opens \"View Statement\" from the Usage section and tries different filter options"},{"name":"tag","value":"TC_187"},{"name":"host","value":"KHIMAC-1685.local"},{"name":"package","value":"Post Enhancement"},{"name":"suite","value":"Post Enhancement"},{"name":"testClass","value":"Customer opens \"View Statement\" from the Usage section and tries different filter options"},{"name":"thread","value":"14308@KHIMAC-1685.local.main(1)"}],"links":[]}